<?xml version="1.0" encoding="UTF-8"?>
<testng-results skipped="0" failed="0" ignored="0" total="1" passed="1">
  <reporter-output>
  </reporter-output>
  <suite name="Default suite" duration-ms="100" started-at="2021-04-21T23:55:37 IST" finished-at="2021-04-21T23:55:37 IST">
    <groups>
    </groups>
    <test name="Default test" duration-ms="100" started-at="2021-04-21T23:55:37 IST" finished-at="2021-04-21T23:55:37 IST">
      <class name="com.sample.maven.maven_demotest">
        <test-method status="PASS" signature="login()[pri:0, instance:com.sample.maven.maven_demotest@22555ebf]" name="login" duration-ms="14" started-at="2021-04-21T23:55:37 IST" finished-at="2021-04-21T23:55:37 IST">
          <reporter-output>
          </reporter-output>
        </test-method> <!-- login -->
      </class> <!-- com.sample.maven.maven_demotest -->
    </test> <!-- Default test -->
  </suite> <!-- Default suite -->
</testng-results>
